<?xml version="1.0" encoding="UTF-8"?>
<!-- Generated by org.testng.reporters.JUnitReportReporter -->
<testsuite hostname="DESKTOP-S5GFN4V" failures="0" tests="1" name="test.AddCustomerTest" time="13.906" errors="0" timestamp="2021-08-20T20:10:40 EDT" skipped="0">
  <testcase classname="test.AddCustomerTest" name="validUserShouldBeAbleToCreateCustomer" time="13.906"/>
  <system-out/>
</testsuite> <!-- test.AddCustomerTest -->
