<?xml version="1.0" encoding="UTF-8"?>
<!-- Generated by org.testng.reporters.JUnitReportReporter -->
<testsuite hostname="DESKTOP-S5GFN4V" failures="0" tests="1" name="test.LoginTest" time="4.435" errors="0" timestamp="19 Aug 2021 23:10:18 GMT" skipped="0">
  <testcase classname="test.LoginTest" name="validUsersShouldBeAbleToLogin" time="4.435"/>
</testsuite> <!-- test.LoginTest -->
